<?xml version="1.0" encoding="UTF-8"?>
<testExecutions version="1">
  <file path="/Users/rpinheir/Projects/natura/payment/aws-sdk-ioc/test/integration/dynamodb.spec.ts">
    <testCase name="DynamoDB should put an item" duration="147"/>
    <testCase name="DynamoDB should query an item" duration="31"/>
    <testCase name="DynamoDB should update an item" duration="77"/>
    <testCase name="DynamoDB should query an item after update" duration="26"/>
  </file>
</testExecutions>