<?xml version="1.0" encoding="UTF-8"?>
<testExecutions version="1">
  <file path="/Users/rpinheir/Projects/natura/payment/aws-sdk-ioc/test/unit/aws/sqs-adapter.spec.ts">
    <testCase name="SQSAdapter deleteMessage should successfully resolve promise and delete message from SQS" duration="1"/>
    <testCase name="SQSAdapter deleteMessage should raise an error when the promise is rejected" duration="3"/>
    <testCase name="SQSAdapter sendMessage should successfully resolve promise and send message to SQS" duration="0"/>
    <testCase name="SQSAdapter sendMessage should raise an error when the promise is rejected" duration="1"/>
  </file>
</testExecutions>