<?xml version="1.0" encoding="UTF-8"?>
<testExecutions version="1">
  <file path="/Users/rpinheir/Projects/natura/payment/aws-sdk-ioc/test/unit/aws/sns/sns-adapter.spec.ts">
    <testCase name="SNS publish should publish a message" duration="11"/>
    <testCase name="SNS publish should publish a string message" duration="23"/>
    <testCase name="SNS publish should publish a message eith MessageType" duration="19"/>
  </file>
  <file path="/Users/rpinheir/Projects/natura/payment/aws-sdk-ioc/test/unit/aws/dynamodb/dynamodb-adapter.spec.ts">
    <testCase name="DynamodbAdapter put should successfully put an item in DynamoDB" duration="8"/>
    <testCase name="DynamodbAdapter update should successfully update an item in DynamoDB" duration="1"/>
    <testCase name="DynamodbAdapter query should query an item woth successfull" duration="2"/>
  </file>
  <file path="/Users/rpinheir/Projects/natura/payment/aws-sdk-ioc/test/unit/aws/sqs/sqs-adapter.spec.ts">
    <testCase name="SQSAdapter deleteMessage should successfully resolve promise and delete message from SQS" duration="5"/>
    <testCase name="SQSAdapter deleteMessage should raise an error when the promise is rejected" duration="5"/>
    <testCase name="SQSAdapter sendMessage should successfully resolve promise and send message to SQS" duration="1"/>
    <testCase name="SQSAdapter sendMessage should raise an error when the promise is rejected" duration="1"/>
  </file>
  <file path="/Users/rpinheir/Projects/natura/payment/aws-sdk-ioc/test/unit/aws/ssm/ssm-adapter.spec.ts">
    <testCase name="SSMAdapter getJsonParameter should successfully resolve promise and retrieved parameters" duration="6"/>
    <testCase name="SSMAdapter getJsonParameter it should raise exception while failing to parse invalid JSON" duration="5"/>
    <testCase name="SSMAdapter getStringParameter() should successfully resolve promise and retrieve STRING parameter" duration="4"/>
    <testCase name="SSMAdapter getParameter should raise an error when the promise is rejected" duration="2"/>
    <testCase name="SSMAdapter getParameter should raise an error when the value is an empty string" duration="1"/>
    <testCase name="SSMAdapter getParameter should raise an error when the value is undefined" duration="1"/>
  </file>
</testExecutions>